INFO:root:At 7% of epoch 0
INFO:root:Training loss : 8.319923400878906
INFO:root:Training accuracy 0.0:
INFO:root:--------------------------------------------
INFO:root:At 14% of epoch 0
INFO:root:Training loss : 7.640960693359375
INFO:root:Training accuracy 0.0:
INFO:root:--------------------------------------------
INFO:root:At 22% of epoch 0
INFO:root:Training loss : 6.2035112380981445
INFO:root:Training accuracy 0.0:
INFO:root:--------------------------------------------
INFO:root:At 29% of epoch 0
INFO:root:Training loss : 6.562872886657715
INFO:root:Training accuracy 0.0:
INFO:root:--------------------------------------------
INFO:root:At 36% of epoch 0
INFO:root:Training loss : 6.234527587890625
INFO:root:Training accuracy 0.0:
INFO:root:--------------------------------------------
INFO:root:At 43% of epoch 0
INFO:root:Training loss : 6.1777238845825195
INFO:root:Training accuracy 0.0:
INFO:root:--------------------------------------------
INFO:root:At 50% of epoch 0
INFO:root:Training loss : 5.878007411956787
INFO:root:Training accuracy 0.0:
INFO:root:--------------------------------------------
INFO:root:At 58% of epoch 0
INFO:root:Training loss : 6.089095592498779
INFO:root:Training accuracy 0.0:
INFO:root:--------------------------------------------
INFO:root:At 65% of epoch 0
INFO:root:Training loss : 6.02353048324585
INFO:root:Training accuracy 0.0:
INFO:root:--------------------------------------------
INFO:root:At 72% of epoch 0
INFO:root:Training loss : 6.0255866050720215
INFO:root:Training accuracy 0.0:
INFO:root:--------------------------------------------
INFO:root:At 79% of epoch 0
INFO:root:Training loss : 6.050638198852539
INFO:root:Training accuracy 0.0:
INFO:root:--------------------------------------------
INFO:root:At 86% of epoch 0
INFO:root:Training loss : 5.92304801940918
INFO:root:Training accuracy 0.0:
INFO:root:--------------------------------------------
INFO:root:At 94% of epoch 0
INFO:root:Training loss : 6.028378486633301
INFO:root:Training accuracy 0.08:
INFO:root:--------------------------------------------
INFO:root:#########  Epoch 0 #########
